[0528/031803.977:ERROR:process_reader_win.cc(155)] SuspendThread: Access is denied. (0x5)
[0528/031803.984:ERROR:process_reader_win.cc(127)] NtOpenThread: {Access Denied} A process has requested access to an object, but has not been granted those access rights. (0xc0000022)
[0528/031803.984:ERROR:process_reader_win.cc(127)] NtOpenThread: {Access Denied} A process has requested access to an object, but has not been granted those access rights. (0xc0000022)
[0528/031804.000:ERROR:exception_snapshot_win.cc(99)] thread ID 248676 not found in process
[0528/031804.000:ERROR:exception_snapshot_win.cc(99)] thread ID 15312 not found in process
[0528/031804.038:ERROR:process_reader_win.cc(155)] SuspendThread: Access is denied. (0x5)
[0528/031804.038:ERROR:process_reader_win.cc(155)] SuspendThread: Access is denied. (0x5)
[0528/031804.038:ERROR:process_reader_win.cc(155)] SuspendThread: Access is denied. (0x5)
[0528/031804.038:ERROR:process_reader_win.cc(155)] SuspendThread: Access is denied. (0x5)
[0528/031804.038:ERROR:process_reader_win.cc(155)] SuspendThread: Access is denied. (0x5)
[0528/031804.038:ERROR:process_reader_win.cc(155)] SuspendThread: Access is denied. (0x5)
[0528/031804.038:ERROR:process_reader_win.cc(155)] SuspendThread: Access is denied. (0x5)
[0528/031804.038:ERROR:process_reader_win.cc(155)] SuspendThread: Access is denied. (0x5)
[0528/031804.038:ERROR:process_reader_win.cc(155)] SuspendThread: Access is denied. (0x5)
[0528/031804.039:ERROR:process_reader_win.cc(155)] SuspendThread: Access is denied. (0x5)
[0528/031804.039:ERROR:process_reader_win.cc(155)] SuspendThread: Access is denied. (0x5)
[0528/031804.039:ERROR:process_reader_win.cc(155)] SuspendThread: Access is denied. (0x5)
[0528/031804.039:ERROR:process_reader_win.cc(155)] SuspendThread: Access is denied. (0x5)
[0528/031804.039:ERROR:process_reader_win.cc(155)] SuspendThread: Access is denied. (0x5)
[0528/031804.039:ERROR:process_reader_win.cc(127)] NtOpenThread: {Access Denied} A process has requested access to an object, but has not been granted those access rights. (0xc0000022)
[0528/031804.039:ERROR:exception_snapshot_win.cc(99)] thread ID 10784 not found in process
[0528/031804.106:ERROR:process_reader_win.cc(155)] SuspendThread: Access is denied. (0x5)
[0528/031804.109:ERROR:process_reader_win.cc(155)] SuspendThread: Access is denied. (0x5)
[0528/031804.109:ERROR:process_reader_win.cc(155)] SuspendThread: Access is denied. (0x5)
[0528/031804.109:ERROR:process_reader_win.cc(155)] SuspendThread: Access is denied. (0x5)
[0528/031804.109:ERROR:process_reader_win.cc(155)] SuspendThread: Access is denied. (0x5)
[0528/031804.109:ERROR:process_reader_win.cc(155)] SuspendThread: Access is denied. (0x5)
[0528/031804.109:ERROR:process_reader_win.cc(155)] SuspendThread: Access is denied. (0x5)
[0528/031804.109:ERROR:process_reader_win.cc(155)] SuspendThread: Access is denied. (0x5)
[0528/031804.109:ERROR:process_reader_win.cc(155)] SuspendThread: Access is denied. (0x5)
[0528/031804.109:ERROR:process_reader_win.cc(155)] SuspendThread: Access is denied. (0x5)
[0528/031804.109:ERROR:process_reader_win.cc(155)] SuspendThread: Access is denied. (0x5)
[0528/031804.109:ERROR:process_reader_win.cc(155)] SuspendThread: Access is denied. (0x5)
[0528/031804.109:ERROR:process_reader_win.cc(155)] SuspendThread: Access is denied. (0x5)
[0528/031804.109:ERROR:process_reader_win.cc(155)] SuspendThread: Access is denied. (0x5)
[0528/031804.109:ERROR:process_reader_win.cc(155)] SuspendThread: Access is denied. (0x5)
[0528/031804.109:ERROR:process_reader_win.cc(127)] NtOpenThread: {Access Denied} A process has requested access to an object, but has not been granted those access rights. (0xc0000022)
[0528/031804.109:ERROR:exception_snapshot_win.cc(99)] thread ID 276812 not found in process
[0528/031804.277:ERROR:process_reader_win.cc(155)] SuspendThread: Access is denied. (0x5)
[0528/031804.278:ERROR:process_reader_win.cc(155)] SuspendThread: Access is denied. (0x5)
[0528/031804.278:ERROR:exception_snapshot_win.cc(99)] thread ID 15144 not found in process
[0528/031804.521:ERROR:minidumpwritedump_with_crashpad_info.cc(435)] Failed to call MiniDumpWriteDump: Only part of a ReadProcessMemory or WriteProcessMemory request was completed. (0x8007012B)
[0528/031804.522:ERROR:minidumpwritedump_with_crashpad_info.cc(592)] Failed to write minidump file
[0528/031804.522:ERROR:crash_report_exception_handler.cc(132)] TryMiniDumpWriteDumpWithCrashpadInfo failed
